C51 COMPILER V9.54   MAIN                                                                  05/17/2021 20:23:38 PAGE 1   


C51 COMPILER V9.54, COMPILATION OF MODULE MAIN
OBJECT MODULE PLACED IN .\Objects\main.obj
COMPILER INVOKED BY: D:\Keil_v5\C51\BIN\C51.EXE main.c OPTIMIZE(8,SPEED) BROWSE DEBUG OBJECTEXTEND PRINT(.\Listings\main
                    -.lst) TABS(2) OBJECT(.\Objects\main.obj)

line level    source

   1          #include <reg52.h>
   2          #include "stdio.h"
   3          #define uchar unsigned char
   4          #define uint  unsigned int 
   5          uchar temp;
   6          uchar strtmp[] = "abcdefg";
   7          void InitUART();
   8          void ServiceUART();
   9          void SendByte(uchar dat);
  10          void SendString(uchar *str);
  11            
  12          
  13          void main()
  14          {
  15   1        
  16   1        InitUART();
  17   1        SendString("welcomabcs!\0");
  18   1        while(1)
  19   1        {
  20   2          
  21   2        }
  22   1      }
  23          
  24          void SendByte(uchar dat)
  25          {
  26   1        SBUF = dat;
  27   1        while(TI == 0)
  28   1        TI = 0;
  29   1      }
  30          
  31          void SendString(unsigned char *s)
  32          {   
  33   1          char i = 0;   
  34   1          while(s[ i ] != '\0')   
  35   1          {
  36   2              SendByte(s[ i ]);
  37   2              i++;
  38   2          }
  39   1      }
  40          
  41          void InitUART()
  42          {
  43   1        TMOD = 0x20;  //  8为自动重装模式
  44   1        TH1 = 0xfd;
  45   1        TL1 = 0xfd;
  46   1        
  47   1        TR1 = 1;
  48   1        SCON |= 0x50;
  49   1        EA = 1;
  50   1        ES = 1;
  51   1      
  52   1      }
  53          
  54          void ServiceUART()  interrupt 4
C51 COMPILER V9.54   MAIN                                                                  05/17/2021 20:23:38 PAGE 2   

  55          {
  56   1        if(RI == 1)
  57   1        {
  58   2            RI = 0;
  59   2        }
  60   1      }


MODULE INFORMATION:   STATIC OVERLAYABLE
   CODE SIZE        =     85    ----
   CONSTANT SIZE    =     13    ----
   XDATA SIZE       =   ----    ----
   PDATA SIZE       =   ----    ----
   DATA SIZE        =      9       3
   IDATA SIZE       =   ----    ----
   BIT SIZE         =   ----    ----
END OF MODULE INFORMATION.


C51 COMPILATION COMPLETE.  0 WARNING(S),  0 ERROR(S)
